ISim log file
Running: C:\Users\z\Documents\Projects\pipeline-cpu\PCPU_sim_isim_beh.exe -intstyle ise -gui -tclbatch isim.cmd -wdb C:/Users/z/Documents/Projects/pipeline-cpu/PCPU_sim_isim_beh.wdb 
ISim P.20131013 (signature 0x7708f090)
This is a Full version of ISim.
Time resolution is 1 ps
# onerror resume
# wave add /
# run 1000 ns
Simulator is doing circuit initialization process.
Finished circuit initialization process.
Stopped at time : 35 ns : File "C:/Users/z/Documents/Projects/pipeline-cpu/PCPU/Control.v" Line 203
ISim P.20131013 (signature 0x7708f090)
This is a Full version of ISim.
# run 1000 ns
Simulator is doing circuit initialization process.
Finished circuit initialization process.
Stopped at time : 7 ns : File "C:/Users/z/Documents/Projects/pipeline-cpu/PCPU/Control.v" Line 195
ISim P.20131013 (signature 0x7708f090)
This is a Full version of ISim.
# run 1000 ns
Simulator is doing circuit initialization process.
Finished circuit initialization process.
Stopped at time : 70 ns : File "C:/Users/z/Documents/Projects/pipeline-cpu/PCPU/Control.v" Line 217
ISim P.20131013 (signature 0x7708f090)
This is a Full version of ISim.
# run 1000 ns
Simulator is doing circuit initialization process.
Finished circuit initialization process.
Stopped at time : 70 ns : File "C:/Users/z/Documents/Projects/pipeline-cpu/PCPU/Control.v" Line 47
ISim P.20131013 (signature 0x7708f090)
This is a Full version of ISim.
# run 1000 ns
Simulator is doing circuit initialization process.
Finished circuit initialization process.
Stopped at time : 70 ns : File "C:/Users/z/Documents/Projects/pipeline-cpu/PCPU/Control.v" Line 225
ISim P.20131013 (signature 0x7708f090)
This is a Full version of ISim.
# run 1000 ns
Simulator is doing circuit initialization process.
Finished circuit initialization process.
ISim P.20131013 (signature 0x7708f090)
This is a Full version of ISim.
# run 1000 ns
Simulator is doing circuit initialization process.
Finished circuit initialization process.
